<?xml version="1.0" encoding="UTF-8"?>
<coverage generated="1666287917650" clover="3.2.0">
  <project timestamp="1666287917650" name="All files">
    <metrics statements="7" coveredstatements="7" conditionals="4" coveredconditionals="3" methods="2" coveredmethods="2" elements="13" coveredelements="12" complexity="0" loc="7" ncloc="7" packages="2" files="4" classes="4"/>
    <package name="__mock__">
      <metrics statements="5" coveredstatements="5" conditionals="4" coveredconditionals="3" methods="1" coveredmethods="1"/>
      <file name="commentCounter.js" path="/Users/albino/Desktop/Dev/Capstone-II/src/__mock__/commentCounter.js">
        <metrics statements="5" coveredstatements="5" conditionals="4" coveredconditionals="3" methods="1" coveredmethods="1"/>
        <line num="1" count="1" type="stmt"/>
        <line num="2" count="2" type="stmt"/>
        <line num="4" count="2" type="cond" truecount="3" falsecount="1"/>
        <line num="5" count="2" type="stmt"/>
        <line num="7" count="2" type="stmt"/>
      </file>
      <file name="commentData.js" path="/Users/albino/Desktop/Dev/Capstone-II/src/__mock__/commentData.js">
        <metrics statements="0" coveredstatements="0" conditionals="0" coveredconditionals="0" methods="0" coveredmethods="0"/>
      </file>
    </package>
    <package name="modules">
      <metrics statements="2" coveredstatements="2" conditionals="0" coveredconditionals="0" methods="1" coveredmethods="1"/>
      <file name="foodItems.js" path="/Users/albino/Desktop/Dev/Capstone-II/src/modules/foodItems.js">
        <metrics statements="1" coveredstatements="1" conditionals="0" coveredconditionals="0" methods="0" coveredmethods="0"/>
        <line num="1" count="1" type="stmt"/>
      </file>
      <file name="itemsCounter.js" path="/Users/albino/Desktop/Dev/Capstone-II/src/modules/itemsCounter.js">
        <metrics statements="1" coveredstatements="1" conditionals="0" coveredconditionals="0" methods="1" coveredmethods="1"/>
        <line num="3" count="1" type="stmt"/>
      </file>
    </package>
  </project>
</coverage>
