<?xml version="1.0" encoding="UTF-8"?>
<coverage generated="1666120715983" clover="3.2.0">
  <project timestamp="1666120715983" name="All files">
    <metrics statements="3" coveredstatements="3" conditionals="0" coveredconditionals="0" methods="1" coveredmethods="1" elements="4" coveredelements="4" complexity="0" loc="3" ncloc="3" packages="1" files="2" classes="2"/>
    <file name="foodItems.js" path="C:\Users\USER\Documents\New Projects\Microverse\Module 2\Capstone-II\src\modules\foodItems.js">
      <metrics statements="1" coveredstatements="1" conditionals="0" coveredconditionals="0" methods="0" coveredmethods="0"/>
      <line num="1" count="1" type="stmt"/>
    </file>
    <file name="itemsCounter.js" path="C:\Users\USER\Documents\New Projects\Microverse\Module 2\Capstone-II\src\modules\itemsCounter.js">
      <metrics statements="2" coveredstatements="2" conditionals="0" coveredconditionals="0" methods="1" coveredmethods="1"/>
      <line num="3" count="1" type="stmt"/>
      <line num="4" count="1" type="stmt"/>
    </file>
  </project>
</coverage>
