{"/Users/albino/Desktop/Dev/Capstone-II/src/__mock__/commentCounter.js": {"path":"/Users/albino/Desktop/Dev/Capstone-II/src/__mock__/commentCounter.js","statementMap":{"0":{"start":{"line":1,"column":20},"end":{"line":9,"column":1}},"1":{"start":{"line":2,"column":14},"end":{"line":2,"column":15}},"2":{"start":{"line":4,"column":2},"end":{"line":6,"column":3}},"3":{"start":{"line":5,"column":4},"end":{"line":5,"column":24}},"4":{"start":{"line":7,"column":0},"end":{"line":7,"column":13}}},"fnMap":{"0":{"name":"(anonymous_0)","decl":{"start":{"line":1,"column":20},"end":{"line":1,"column":21}},"loc":{"start":{"line":1,"column":30},"end":{"line":9,"column":1}},"line":1}},"branchMap":{"0":{"loc":{"start":{"line":4,"column":2},"end":{"line":6,"column":3}},"type":"if","locations":[{"start":{"line":4,"column":2},"end":{"line":6,"column":3}},{"start":{},"end":{}}],"line":4},"1":{"loc":{"start":{"line":4,"column":5},"end":{"line":4,"column":28}},"type":"binary-expr","locations":[{"start":{"line":4,"column":5},"end":{"line":4,"column":9}},{"start":{"line":4,"column":13},"end":{"line":4,"column":28}}],"line":4}},"s":{"0":1,"1":2,"2":2,"3":2,"4":2},"f":{"0":2},"b":{"0":[2,0],"1":[2,2]},"_coverageSchema":"1a1c01bbd47fc00a2c39e90264f33305004495a9","hash":"e27c26091ac3f7b625e3e923d8fc194e2e26469b"}
,"/Users/albino/Desktop/Dev/Capstone-II/src/__mock__/commentData.js": {"path":"/Users/albino/Desktop/Dev/Capstone-II/src/__mock__/commentData.js","statementMap":{},"fnMap":{},"branchMap":{},"s":{},"f":{},"b":{},"_coverageSchema":"1a1c01bbd47fc00a2c39e90264f33305004495a9","hash":"3fc94be4cc70a70cea93372de8e8e5b701d35715"}
,"/Users/albino/Desktop/Dev/Capstone-II/src/modules/foodItems.js": {"path":"/Users/albino/Desktop/Dev/Capstone-II/src/modules/foodItems.js","statementMap":{"0":{"start":{"line":1,"column":18},"end":{"line":1,"column":132}}},"fnMap":{},"branchMap":{},"s":{"0":1},"f":{},"b":{},"_coverageSchema":"1a1c01bbd47fc00a2c39e90264f33305004495a9","hash":"927f9bbc7ce2df985ab3f9d50ba8e06abf3c9240"}
,"/Users/albino/Desktop/Dev/Capstone-II/src/modules/itemsCounter.js": {"path":"/Users/albino/Desktop/Dev/Capstone-II/src/modules/itemsCounter.js","statementMap":{"0":{"start":{"line":3,"column":21},"end":{"line":3,"column":43}},"1":{"start":{"line":3,"column":27},"end":{"line":3,"column":43}}},"fnMap":{"0":{"name":"(anonymous_0)","decl":{"start":{"line":3,"column":21},"end":{"line":3,"column":22}},"loc":{"start":{"line":3,"column":27},"end":{"line":3,"column":43}},"line":3}},"branchMap":{},"s":{"0":1,"1":1},"f":{"0":1},"b":{},"_coverageSchema":"1a1c01bbd47fc00a2c39e90264f33305004495a9","hash":"36a11b440109df803fe41d18421ed84b9d214230"}
}
