{"C:\\Users\\USER\\Documents\\New Projects\\Microverse\\Module 2\\Capstone-II\\src\\modules\\foodItems.js": {"path":"C:\\Users\\USER\\Documents\\New Projects\\Microverse\\Module 2\\Capstone-II\\src\\modules\\foodItems.js","statementMap":{"0":{"start":{"line":1,"column":18},"end":{"line":1,"column":132}}},"fnMap":{},"branchMap":{},"s":{"0":1},"f":{},"b":{},"_coverageSchema":"1a1c01bbd47fc00a2c39e90264f33305004495a9","hash":"8b62e455c7cfe0beabe096384da0a116593f4fec"}
,"C:\\Users\\USER\\Documents\\New Projects\\Microverse\\Module 2\\Capstone-II\\src\\modules\\itemsCounter.js": {"path":"C:\\Users\\USER\\Documents\\New Projects\\Microverse\\Module 2\\Capstone-II\\src\\modules\\itemsCounter.js","statementMap":{"0":{"start":{"line":3,"column":21},"end":{"line":5,"column":1}},"1":{"start":{"line":4,"column":4},"end":{"line":4,"column":28}}},"fnMap":{"0":{"name":"(anonymous_0)","decl":{"start":{"line":3,"column":21},"end":{"line":3,"column":22}},"loc":{"start":{"line":3,"column":27},"end":{"line":5,"column":1}},"line":3}},"branchMap":{},"s":{"0":1,"1":1},"f":{"0":1},"b":{},"_coverageSchema":"1a1c01bbd47fc00a2c39e90264f33305004495a9","hash":"4f0bfd91a9671e62b45485b8f543d95dff9b1aa1"}
}
